----------------------------------------
Timestamp: 10/6/2021 6:21:42 PM

Message: Exporting Blogs structure


----------------------------------------
----------------------------------------
Timestamp: 10/6/2021 6:21:46 PM

Message: Exported Blogs structure


----------------------------------------
----------------------------------------
Timestamp: 10/6/2021 6:21:46 PM

Message: Exporting Classifications structure


----------------------------------------
----------------------------------------
Timestamp: 10/6/2021 6:21:46 PM

Message: Exported Classifications structure


----------------------------------------
----------------------------------------
Timestamp: 10/6/2021 6:21:46 PM

Message: Exporting Markets structure


----------------------------------------
----------------------------------------
Timestamp: 10/6/2021 6:21:50 PM

Message: Exported Markets structure


----------------------------------------
----------------------------------------
Timestamp: 10/6/2021 6:21:50 PM

Message: Exporting Producers structure


----------------------------------------
----------------------------------------
Timestamp: 10/6/2021 6:21:53 PM

Message: Exported Producers structure


----------------------------------------
----------------------------------------
Timestamp: 10/6/2021 6:21:53 PM

Message: Exporting Products structure


----------------------------------------
----------------------------------------
Timestamp: 10/6/2021 6:21:56 PM

Message: Exported Products structure


----------------------------------------
----------------------------------------
Timestamp: 10/6/2021 6:21:56 PM

Message: Exporting Events structure


----------------------------------------
----------------------------------------
Timestamp: 10/6/2021 6:22:01 PM

Message: Exported Events structure


----------------------------------------
----------------------------------------
Timestamp: 10/6/2021 6:22:01 PM

Message: Exporting Forums structure


----------------------------------------
----------------------------------------
Timestamp: 10/6/2021 6:22:01 PM

Message: Forums are up to date


----------------------------------------
----------------------------------------
Timestamp: 10/6/2021 6:22:01 PM

Message: Exporting Libraries structure


----------------------------------------
----------------------------------------
Timestamp: 10/6/2021 6:22:08 PM

Message: Exported Libraries structure


----------------------------------------
----------------------------------------
Timestamp: 10/6/2021 6:22:08 PM

Message: Exporting Lists structure


----------------------------------------
----------------------------------------
Timestamp: 10/6/2021 6:22:11 PM

Message: Exported Lists structure


----------------------------------------
----------------------------------------
Timestamp: 10/6/2021 6:22:11 PM

Message: Exporting Mobile formats structure


----------------------------------------
----------------------------------------
Timestamp: 10/6/2021 6:22:11 PM

Message: Exported Mobile formats structure


----------------------------------------
----------------------------------------
Timestamp: 10/6/2021 6:22:11 PM

Message: Exporting News structure


----------------------------------------
----------------------------------------
Timestamp: 10/6/2021 6:22:15 PM

Message: Exported News structure


----------------------------------------
----------------------------------------
Timestamp: 10/6/2021 6:22:15 PM

Message: Exporting Pages structure


----------------------------------------
----------------------------------------
Timestamp: 10/6/2021 6:22:15 PM

Message: Pages are up to date


----------------------------------------
----------------------------------------
Timestamp: 10/6/2021 6:22:15 PM

Message: Exporting User profiles structure


----------------------------------------
----------------------------------------
Timestamp: 10/6/2021 6:22:17 PM

Message: Exported User profiles structure


----------------------------------------
----------------------------------------
Timestamp: 10/6/2021 6:22:17 PM

Message: Content export requested by system with the following settings: TypeName: Telerik.Sitefinity.Multisite.Model.Site; ProviderName: []; Languages: []; ItemsFilterExpression: ; ItemsSortExpression: Id


----------------------------------------
----------------------------------------
Timestamp: 10/6/2021 6:22:17 PM

Message: Content export started.


----------------------------------------
----------------------------------------
Timestamp: 10/6/2021 6:22:17 PM

Message: Content export successfully completed for 1 items [1 succeeded, 0 failed].


----------------------------------------
----------------------------------------
Timestamp: 10/6/2021 6:22:17 PM

Message: Content export requested by system with the following settings: TypeName: MobileFormats; ProviderName: []; Languages: []; ItemsFilterExpression: ; ItemsSortExpression: Id


----------------------------------------
----------------------------------------
Timestamp: 10/6/2021 6:22:17 PM

Message: Content export started.


----------------------------------------
----------------------------------------
Timestamp: 10/6/2021 6:22:17 PM

Message: Content export successfully completed for 0 items [0 succeeded, 0 failed].


----------------------------------------
----------------------------------------
Timestamp: 10/7/2021 4:34:21 AM

Message: Exporting Blogs structure


----------------------------------------
----------------------------------------
Timestamp: 10/7/2021 4:34:25 AM

Message: Exported Blogs structure


----------------------------------------
----------------------------------------
Timestamp: 10/7/2021 4:34:25 AM

Message: Exporting Classifications structure


----------------------------------------
----------------------------------------
Timestamp: 10/7/2021 4:34:25 AM

Message: Classifications are up to date


----------------------------------------
----------------------------------------
Timestamp: 10/7/2021 4:34:25 AM

Message: Exporting Markets structure


----------------------------------------
----------------------------------------
Timestamp: 10/7/2021 4:34:29 AM

Message: Exported Markets structure


----------------------------------------
----------------------------------------
Timestamp: 10/7/2021 4:34:29 AM

Message: Exporting Producers structure


----------------------------------------
----------------------------------------
Timestamp: 10/7/2021 4:34:33 AM

Message: Exported Producers structure


----------------------------------------
----------------------------------------
Timestamp: 10/7/2021 4:34:33 AM

Message: Exporting Products structure


----------------------------------------
----------------------------------------
Timestamp: 10/7/2021 4:34:36 AM

Message: Exported Products structure


----------------------------------------
----------------------------------------
Timestamp: 10/7/2021 4:34:36 AM

Message: Exporting Events structure


----------------------------------------
----------------------------------------
Timestamp: 10/7/2021 4:34:42 AM

Message: Exported Events structure


----------------------------------------
----------------------------------------
Timestamp: 10/7/2021 4:34:42 AM

Message: Exporting Forums structure


----------------------------------------
----------------------------------------
Timestamp: 10/7/2021 4:34:42 AM

Message: Forums are up to date


----------------------------------------
----------------------------------------
Timestamp: 10/7/2021 4:34:42 AM

Message: Exporting Libraries structure


----------------------------------------
----------------------------------------
Timestamp: 10/7/2021 4:34:50 AM

Message: Exported Libraries structure


----------------------------------------
----------------------------------------
Timestamp: 10/7/2021 4:34:50 AM

Message: Exporting Lists structure


----------------------------------------
----------------------------------------
Timestamp: 10/7/2021 4:34:53 AM

Message: Exported Lists structure


----------------------------------------
----------------------------------------
Timestamp: 10/7/2021 4:34:53 AM

Message: Exporting Mobile formats structure


----------------------------------------
----------------------------------------
Timestamp: 10/7/2021 4:34:53 AM

Message: Exported Mobile formats structure


----------------------------------------
----------------------------------------
Timestamp: 10/7/2021 4:34:53 AM

Message: Exporting News structure


----------------------------------------
----------------------------------------
Timestamp: 10/7/2021 4:34:57 AM

Message: Exported News structure


----------------------------------------
----------------------------------------
Timestamp: 10/7/2021 4:34:57 AM

Message: Exporting Pages structure


----------------------------------------
----------------------------------------
Timestamp: 10/7/2021 4:34:57 AM

Message: Pages are up to date


----------------------------------------
----------------------------------------
Timestamp: 10/7/2021 4:34:57 AM

Message: Exporting User profiles structure


----------------------------------------
----------------------------------------
Timestamp: 10/7/2021 4:34:59 AM

Message: Exported User profiles structure


----------------------------------------
----------------------------------------
Timestamp: 10/7/2021 4:34:59 AM

Message: Content export requested by system with the following settings: TypeName: Telerik.Sitefinity.Multisite.Model.Site; ProviderName: []; Languages: []; ItemsFilterExpression: ; ItemsSortExpression: Id


----------------------------------------
----------------------------------------
Timestamp: 10/7/2021 4:34:59 AM

Message: Content export started.


----------------------------------------
----------------------------------------
Timestamp: 10/7/2021 4:34:59 AM

Message: Content export successfully completed for 1 items [1 succeeded, 0 failed].


----------------------------------------
----------------------------------------
Timestamp: 10/7/2021 4:34:59 AM

Message: Content export requested by system with the following settings: TypeName: MobileFormats; ProviderName: []; Languages: []; ItemsFilterExpression: ; ItemsSortExpression: Id


----------------------------------------
----------------------------------------
Timestamp: 10/7/2021 4:34:59 AM

Message: Content export started.


----------------------------------------
----------------------------------------
Timestamp: 10/7/2021 4:35:00 AM

Message: Content export successfully completed for 0 items [0 succeeded, 0 failed].


----------------------------------------
----------------------------------------
Timestamp: 10/7/2021 5:09:27 AM

Message: Exporting Blogs structure


----------------------------------------
----------------------------------------
Timestamp: 10/7/2021 5:09:31 AM

Message: Exported Blogs structure


----------------------------------------
----------------------------------------
Timestamp: 10/7/2021 5:09:31 AM

Message: Exporting Classifications structure


----------------------------------------
----------------------------------------
Timestamp: 10/7/2021 5:09:31 AM

Message: Classifications are up to date


----------------------------------------
----------------------------------------
Timestamp: 10/7/2021 5:09:31 AM

Message: Exporting Markets structure


----------------------------------------
----------------------------------------
Timestamp: 10/7/2021 5:09:36 AM

Message: Exported Markets structure


----------------------------------------
----------------------------------------
Timestamp: 10/7/2021 5:09:36 AM

Message: Exporting Producers structure


----------------------------------------
----------------------------------------
Timestamp: 10/7/2021 5:09:39 AM

Message: Exported Producers structure


----------------------------------------
----------------------------------------
Timestamp: 10/7/2021 5:09:39 AM

Message: Exporting Products structure


----------------------------------------
----------------------------------------
Timestamp: 10/7/2021 5:09:43 AM

Message: Exported Products structure


----------------------------------------
----------------------------------------
Timestamp: 10/7/2021 5:09:43 AM

Message: Exporting Events structure


----------------------------------------
----------------------------------------
Timestamp: 10/7/2021 5:09:48 AM

Message: Exported Events structure


----------------------------------------
----------------------------------------
Timestamp: 10/7/2021 5:09:48 AM

Message: Exporting Forums structure


----------------------------------------
----------------------------------------
Timestamp: 10/7/2021 5:09:48 AM

Message: Forums are up to date


----------------------------------------
----------------------------------------
Timestamp: 10/7/2021 5:09:48 AM

Message: Exporting Libraries structure


----------------------------------------
----------------------------------------
Timestamp: 10/7/2021 5:09:56 AM

Message: Exported Libraries structure


----------------------------------------
----------------------------------------
Timestamp: 10/7/2021 5:09:56 AM

Message: Exporting Lists structure


----------------------------------------
----------------------------------------
Timestamp: 10/7/2021 5:10:00 AM

Message: Exported Lists structure


----------------------------------------
----------------------------------------
Timestamp: 10/7/2021 5:10:00 AM

Message: Exporting Mobile formats structure


----------------------------------------
----------------------------------------
Timestamp: 10/7/2021 5:10:00 AM

Message: Exported Mobile formats structure


----------------------------------------
----------------------------------------
Timestamp: 10/7/2021 5:10:00 AM

Message: Exporting News structure


----------------------------------------
----------------------------------------
Timestamp: 10/7/2021 5:10:05 AM

Message: Exported News structure


----------------------------------------
----------------------------------------
Timestamp: 10/7/2021 5:10:05 AM

Message: Exporting Pages structure


----------------------------------------
----------------------------------------
Timestamp: 10/7/2021 5:10:05 AM

Message: Pages are up to date


----------------------------------------
----------------------------------------
Timestamp: 10/7/2021 5:10:05 AM

Message: Exporting User profiles structure


----------------------------------------
----------------------------------------
Timestamp: 10/7/2021 5:10:06 AM

Message: Exported User profiles structure


----------------------------------------
----------------------------------------
Timestamp: 10/7/2021 5:10:06 AM

Message: Content export requested by system with the following settings: TypeName: Telerik.Sitefinity.Multisite.Model.Site; ProviderName: []; Languages: []; ItemsFilterExpression: ; ItemsSortExpression: Id


----------------------------------------
----------------------------------------
Timestamp: 10/7/2021 5:10:06 AM

Message: Content export started.


----------------------------------------
----------------------------------------
Timestamp: 10/7/2021 5:10:06 AM

Message: Content export successfully completed for 1 items [1 succeeded, 0 failed].


----------------------------------------
----------------------------------------
Timestamp: 10/7/2021 5:10:06 AM

Message: Content export requested by system with the following settings: TypeName: MobileFormats; ProviderName: []; Languages: []; ItemsFilterExpression: ; ItemsSortExpression: Id


----------------------------------------
----------------------------------------
Timestamp: 10/7/2021 5:10:06 AM

Message: Content export started.


----------------------------------------
----------------------------------------
Timestamp: 10/7/2021 5:10:07 AM

Message: Content export successfully completed for 0 items [0 succeeded, 0 failed].


----------------------------------------
----------------------------------------
Timestamp: 10/7/2021 1:29:39 PM

Message: Exporting Blogs structure


----------------------------------------
----------------------------------------
Timestamp: 10/7/2021 1:29:46 PM

Message: Exported Blogs structure


----------------------------------------
----------------------------------------
Timestamp: 10/7/2021 1:29:46 PM

Message: Exporting Classifications structure


----------------------------------------
----------------------------------------
Timestamp: 10/7/2021 1:29:46 PM

Message: Exported Classifications structure


----------------------------------------
----------------------------------------
Timestamp: 10/7/2021 1:29:46 PM

Message: Exporting Markets structure


----------------------------------------
----------------------------------------
Timestamp: 10/7/2021 1:29:53 PM

Message: Exported Markets structure


----------------------------------------
----------------------------------------
Timestamp: 10/7/2021 1:29:53 PM

Message: Exporting Producers structure


----------------------------------------
----------------------------------------
Timestamp: 10/7/2021 1:29:58 PM

Message: Exported Producers structure


----------------------------------------
----------------------------------------
Timestamp: 10/7/2021 1:29:58 PM

Message: Exporting Products structure


----------------------------------------
----------------------------------------
Timestamp: 10/7/2021 1:30:03 PM

Message: Exported Products structure


----------------------------------------
----------------------------------------
Timestamp: 10/7/2021 1:30:03 PM

Message: Exporting Events structure


----------------------------------------
----------------------------------------
Timestamp: 10/7/2021 1:30:11 PM

Message: Exported Events structure


----------------------------------------
----------------------------------------
Timestamp: 10/7/2021 1:30:11 PM

Message: Exporting Forums structure


----------------------------------------
----------------------------------------
Timestamp: 10/7/2021 1:30:11 PM

Message: Forums are up to date


----------------------------------------
----------------------------------------
Timestamp: 10/7/2021 1:30:11 PM

Message: Exporting Libraries structure


----------------------------------------
----------------------------------------
Timestamp: 10/7/2021 1:30:23 PM

Message: Exported Libraries structure


----------------------------------------
----------------------------------------
Timestamp: 10/7/2021 1:30:23 PM

Message: Exporting Lists structure


----------------------------------------
----------------------------------------
Timestamp: 10/7/2021 1:30:29 PM

Message: Exported Lists structure


----------------------------------------
----------------------------------------
Timestamp: 10/7/2021 1:30:29 PM

Message: Exporting Mobile formats structure


----------------------------------------
----------------------------------------
Timestamp: 10/7/2021 1:30:29 PM

Message: Exported Mobile formats structure


----------------------------------------
----------------------------------------
Timestamp: 10/7/2021 1:30:29 PM

Message: Exporting News structure


----------------------------------------
----------------------------------------
Timestamp: 10/7/2021 1:30:35 PM

Message: Exported News structure


----------------------------------------
----------------------------------------
Timestamp: 10/7/2021 1:30:35 PM

Message: Exporting Pages structure


----------------------------------------
----------------------------------------
Timestamp: 10/7/2021 1:30:35 PM

Message: Pages are up to date


----------------------------------------
----------------------------------------
Timestamp: 10/7/2021 1:30:35 PM

Message: Exporting User profiles structure


----------------------------------------
----------------------------------------
Timestamp: 10/7/2021 1:30:39 PM

Message: Exported User profiles structure


----------------------------------------
----------------------------------------
Timestamp: 10/7/2021 1:30:39 PM

Message: Content export requested by system with the following settings: TypeName: Telerik.Sitefinity.Multisite.Model.Site; ProviderName: []; Languages: []; ItemsFilterExpression: ; ItemsSortExpression: Id


----------------------------------------
----------------------------------------
Timestamp: 10/7/2021 1:30:39 PM

Message: Content export started.


----------------------------------------
----------------------------------------
Timestamp: 10/7/2021 1:30:39 PM

Message: Content export successfully completed for 1 items [1 succeeded, 0 failed].


----------------------------------------
----------------------------------------
Timestamp: 10/7/2021 1:30:39 PM

Message: Content export requested by system with the following settings: TypeName: MobileFormats; ProviderName: []; Languages: []; ItemsFilterExpression: ; ItemsSortExpression: Id


----------------------------------------
----------------------------------------
Timestamp: 10/7/2021 1:30:39 PM

Message: Content export started.


----------------------------------------
----------------------------------------
Timestamp: 10/7/2021 1:30:39 PM

Message: Content export successfully completed for 0 items [0 succeeded, 0 failed].


----------------------------------------
----------------------------------------
Timestamp: 10/7/2021 1:33:23 PM

Message: Exporting Blogs structure


----------------------------------------
----------------------------------------
Timestamp: 10/7/2021 1:33:28 PM

Message: Exported Blogs structure


----------------------------------------
----------------------------------------
Timestamp: 10/7/2021 1:33:28 PM

Message: Exporting Classifications structure


----------------------------------------
----------------------------------------
Timestamp: 10/7/2021 1:33:28 PM

Message: Classifications are up to date


----------------------------------------
----------------------------------------
Timestamp: 10/7/2021 1:33:28 PM

Message: Exporting Markets structure


----------------------------------------
----------------------------------------
Timestamp: 10/7/2021 1:33:34 PM

Message: Exported Markets structure


----------------------------------------
----------------------------------------
Timestamp: 10/7/2021 1:33:34 PM

Message: Exporting Producers structure


----------------------------------------
----------------------------------------
Timestamp: 10/7/2021 1:33:39 PM

Message: Exported Producers structure


----------------------------------------
----------------------------------------
Timestamp: 10/7/2021 1:33:39 PM

Message: Exporting Products structure


----------------------------------------
----------------------------------------
Timestamp: 10/7/2021 1:33:44 PM

Message: Exported Products structure


----------------------------------------
----------------------------------------
Timestamp: 10/7/2021 1:33:44 PM

Message: Exporting Events structure


----------------------------------------
----------------------------------------
Timestamp: 10/7/2021 1:33:50 PM

Message: Exported Events structure


----------------------------------------
----------------------------------------
Timestamp: 10/7/2021 1:33:50 PM

Message: Exporting Forums structure


----------------------------------------
----------------------------------------
Timestamp: 10/7/2021 1:33:50 PM

Message: Forums are up to date


----------------------------------------
----------------------------------------
Timestamp: 10/7/2021 1:33:50 PM

Message: Exporting Libraries structure


----------------------------------------
----------------------------------------
Timestamp: 10/7/2021 1:34:01 PM

Message: Exported Libraries structure


----------------------------------------
----------------------------------------
Timestamp: 10/7/2021 1:34:01 PM

Message: Exporting Lists structure


----------------------------------------
----------------------------------------
Timestamp: 10/7/2021 1:34:05 PM

Message: Exported Lists structure


----------------------------------------
----------------------------------------
Timestamp: 10/7/2021 1:34:05 PM

Message: Exporting Mobile formats structure


----------------------------------------
----------------------------------------
Timestamp: 10/7/2021 1:34:05 PM

Message: Exported Mobile formats structure


----------------------------------------
----------------------------------------
Timestamp: 10/7/2021 1:34:05 PM

Message: Exporting News structure


----------------------------------------
----------------------------------------
Timestamp: 10/7/2021 1:34:09 PM

Message: Exported News structure


----------------------------------------
----------------------------------------
Timestamp: 10/7/2021 1:34:09 PM

Message: Exporting Pages structure


----------------------------------------
----------------------------------------
Timestamp: 10/7/2021 1:34:09 PM

Message: Pages are up to date


----------------------------------------
----------------------------------------
Timestamp: 10/7/2021 1:34:09 PM

Message: Exporting User profiles structure


----------------------------------------
----------------------------------------
Timestamp: 10/7/2021 1:34:11 PM

Message: Exported User profiles structure


----------------------------------------
----------------------------------------
Timestamp: 10/7/2021 1:34:11 PM

Message: Content export requested by system with the following settings: TypeName: Telerik.Sitefinity.Multisite.Model.Site; ProviderName: []; Languages: []; ItemsFilterExpression: ; ItemsSortExpression: Id


----------------------------------------
----------------------------------------
Timestamp: 10/7/2021 1:34:11 PM

Message: Content export started.


----------------------------------------
----------------------------------------
Timestamp: 10/7/2021 1:34:11 PM

Message: Content export successfully completed for 1 items [1 succeeded, 0 failed].


----------------------------------------
----------------------------------------
Timestamp: 10/7/2021 1:34:11 PM

Message: Content export requested by system with the following settings: TypeName: MobileFormats; ProviderName: []; Languages: []; ItemsFilterExpression: ; ItemsSortExpression: Id


----------------------------------------
----------------------------------------
Timestamp: 10/7/2021 1:34:11 PM

Message: Content export started.


----------------------------------------
----------------------------------------
Timestamp: 10/7/2021 1:34:11 PM

Message: Content export successfully completed for 0 items [0 succeeded, 0 failed].


----------------------------------------
