----------------------------------------
Timestamp: 10/11/2021 3:04:31 PM

Message: Db Migration Complexity: Extending


----------------------------------------
----------------------------------------
Timestamp: 10/11/2021 3:04:31 PM

Message: Adding a column(s) on an existing table(s).


----------------------------------------
----------------------------------------
Timestamp: 10/11/2021 3:04:31 PM

Message: Adding a foreign key constraint(s) to an existing table(s).


----------------------------------------
----------------------------------------
Timestamp: 10/11/2021 3:04:31 PM

Message: Adding a foreign key constraint(s) to a new table(s), the create table statement(s) is included as well.


----------------------------------------
----------------------------------------
Timestamp: 10/11/2021 3:04:31 PM

Message: Adding a new table(s).


----------------------------------------
----------------------------------------
Timestamp: 10/11/2021 3:04:31 PM

Message: -- Telerik.Sitefinity.Publishing.Model.Dynamic_23e8cc23715a439387bad723f7cdf71d
CREATE TABLE [dynmc_238cc23715439387bd723f7c] (
    [id] uniqueidentifier NOT NULL,
    [username] NVARCHAR(255) NULL,          -- Dynamic_23e8cc23715a439387bad723f7cdf71d.Username
    [user_avatar] NVARCHAR(255) NULL,       -- Dynamic_23e8cc23715a439387bad723f7cdf71d.UserAvatar
    [title] NVARCHAR(255) NULL,             -- Dynamic_23e8cc23715a439387bad723f7cdf71d.Title
    [summary] NVARCHAR(MAX) NULL,           -- Dynamic_23e8cc23715a439387bad723f7cdf71d.Summary
    [publication_date] DATETIME NULL,       -- Dynamic_23e8cc23715a439387bad723f7cdf71d.PublicationDate
    [pipe_id] NVARCHAR(255) NULL,           -- Dynamic_23e8cc23715a439387bad723f7cdf71d.PipeId
    [owner_last_name] NVARCHAR(255) NULL,   -- Dynamic_23e8cc23715a439387bad723f7cdf71d.OwnerLastName
    [owner_first_name] NVARCHAR(255) NULL,  -- Dynamic_23e8cc23715a439387bad723f7cdf71d.OwnerFirstName
    [owner_email] NVARCHAR(255) NULL,       -- Dynamic_23e8cc23715a439387bad723f7cdf71d.OwnerEmail
    [lnk] NVARCHAR(255) NULL,               -- Dynamic_23e8cc23715a439387bad723f7cdf71d.Link
    [lang_id] NVARCHAR(255) NULL,           -- Dynamic_23e8cc23715a439387bad723f7cdf71d.LangId
    [item_hash] NVARCHAR(255) NULL,         -- Dynamic_23e8cc23715a439387bad723f7cdf71d.ItemHash
    [expiration_date] DATETIME NULL,        -- Dynamic_23e8cc23715a439387bad723f7cdf71d.ExpirationDate
    [content_type] NVARCHAR(255) NULL,      -- Dynamic_23e8cc23715a439387bad723f7cdf71d.ContentType
    [content] NVARCHAR(MAX) NULL,           -- Dynamic_23e8cc23715a439387bad723f7cdf71d.Content
    CONSTRAINT [pk_dynmc_238cc2371543_533361F4] PRIMARY KEY ([id])
)


----------------------------------------
----------------------------------------
Timestamp: 10/11/2021 3:04:31 PM

Message: -- Telerik.Sitefinity.Publishing.Model.Dynamic_531cfb38603548e496ff6dcbd4b1e80f
CREATE TABLE [dynmc_531cfb38603548496ff6dcbd] (
    [id] uniqueidentifier NOT NULL,
    [username] NVARCHAR(255) NULL,          -- Dynamic_531cfb38603548e496ff6dcbd4b1e80f.Username
    [title] NVARCHAR(255) NULL,             -- Dynamic_531cfb38603548e496ff6dcbd4b1e80f.Title
    [summary] NVARCHAR(255) NULL,           -- Dynamic_531cfb38603548e496ff6dcbd4b1e80f.Summary
    [publication_date] DATETIME NULL,       -- Dynamic_531cfb38603548e496ff6dcbd4b1e80f.PublicationDate
    [owner_last_name] NVARCHAR(255) NULL,   -- Dynamic_531cfb38603548e496ff6dcbd4b1e80f.OwnerLastName
    [owner_first_name] NVARCHAR(255) NULL,  -- Dynamic_531cfb38603548e496ff6dcbd4b1e80f.OwnerFirstName
    [owner_email] NVARCHAR(255) NULL,       -- Dynamic_531cfb38603548e496ff6dcbd4b1e80f.OwnerEmail
    [lnk] NVARCHAR(255) NULL,               -- Dynamic_531cfb38603548e496ff6dcbd4b1e80f.Link
    [item_hash] NVARCHAR(255) NULL,         -- Dynamic_531cfb38603548e496ff6dcbd4b1e80f.ItemHash
    [expiration_date] DATETIME NULL,        -- Dynamic_531cfb38603548e496ff6dcbd4b1e80f.ExpirationDate
    [content] NVARCHAR(MAX) NULL,           -- Dynamic_531cfb38603548e496ff6dcbd4b1e80f.Content
    [categories] NVARCHAR(255) NULL,        -- Dynamic_531cfb38603548e496ff6dcbd4b1e80f.Categories
    CONSTRAINT [pk_dynmc_531cfb386035_663CF63B] PRIMARY KEY ([id])
)


----------------------------------------
----------------------------------------
Timestamp: 10/11/2021 3:04:31 PM

Message: -- Telerik.Sitefinity.Publishing.Model.Dynamic_90e12c44f3894b7bb00b371b51a4baa6
CREATE TABLE [dynmc_9012c44f3894b7bb00b371b5] (
    [id] uniqueidentifier NOT NULL,
    [username] NVARCHAR(255) NULL,          -- Dynamic_90e12c44f3894b7bb00b371b51a4baa6.Username
    [user_avatar] NVARCHAR(255) NULL,       -- Dynamic_90e12c44f3894b7bb00b371b51a4baa6.UserAvatar
    [title] NVARCHAR(255) NULL,             -- Dynamic_90e12c44f3894b7bb00b371b51a4baa6.Title
    [summary] NVARCHAR(MAX) NULL,           -- Dynamic_90e12c44f3894b7bb00b371b51a4baa6.Summary
    [publication_date] DATETIME NULL,       -- Dynamic_90e12c44f3894b7bb00b371b51a4baa6.PublicationDate
    [pipe_id] NVARCHAR(255) NULL,           -- Dynamic_90e12c44f3894b7bb00b371b51a4baa6.PipeId
    [owner_last_name] NVARCHAR(255) NULL,   -- Dynamic_90e12c44f3894b7bb00b371b51a4baa6.OwnerLastName
    [owner_first_name] NVARCHAR(255) NULL,  -- Dynamic_90e12c44f3894b7bb00b371b51a4baa6.OwnerFirstName
    [owner_email] NVARCHAR(255) NULL,       -- Dynamic_90e12c44f3894b7bb00b371b51a4baa6.OwnerEmail
    [lnk] NVARCHAR(255) NULL,               -- Dynamic_90e12c44f3894b7bb00b371b51a4baa6.Link
    [lang_id] NVARCHAR(255) NULL,           -- Dynamic_90e12c44f3894b7bb00b371b51a4baa6.LangId
    [item_hash] NVARCHAR(255) NULL,         -- Dynamic_90e12c44f3894b7bb00b371b51a4baa6.ItemHash
    [expiration_date] DATETIME NULL,        -- Dynamic_90e12c44f3894b7bb00b371b51a4baa6.ExpirationDate
    [content_type] NVARCHAR(255) NULL,      -- Dynamic_90e12c44f3894b7bb00b371b51a4baa6.ContentType
    [content] NVARCHAR(MAX) NULL,           -- Dynamic_90e12c44f3894b7bb00b371b51a4baa6.Content
    CONSTRAINT [pk_dynmc_9012c44f3894_4839A0AC] PRIMARY KEY ([id])
)


----------------------------------------
----------------------------------------
Timestamp: 10/11/2021 3:04:31 PM

Message: -- add column for field <internal-class-id>
ALTER TABLE [sf_dynamic_type_base] ADD [voa_class] int NULL


----------------------------------------
----------------------------------------
Timestamp: 10/11/2021 3:04:31 PM

Message: UPDATE [sf_dynamic_type_base] SET [voa_class] = 0


----------------------------------------
----------------------------------------
Timestamp: 10/11/2021 3:04:31 PM

Message: ALTER TABLE [sf_dynamic_type_base] ALTER COLUMN [voa_class] int NOT NULL


----------------------------------------
----------------------------------------
Timestamp: 10/11/2021 3:04:31 PM

Message: ALTER TABLE [dynmc_238cc23715439387bd723f7c] ADD CONSTRAINT [ref_dynmc_238cc237154_DC721813] FOREIGN KEY ([id]) REFERENCES [sf_dynamic_type_base]([id]) ON DELETE CASCADE


----------------------------------------
----------------------------------------
Timestamp: 10/11/2021 3:04:31 PM

Message: ALTER TABLE [dynmc_531cfb38603548496ff6dcbd] ADD CONSTRAINT [ref_dynmc_531cfb38603_E8C619F4] FOREIGN KEY ([id]) REFERENCES [sf_dynamic_type_base]([id]) ON DELETE CASCADE


----------------------------------------
----------------------------------------
Timestamp: 10/11/2021 3:04:31 PM

Message: ALTER TABLE [dynmc_9012c44f3894b7bb00b371b5] ADD CONSTRAINT [ref_dynmc_9012c44f389_D38AA106] FOREIGN KEY ([id]) REFERENCES [sf_dynamic_type_base]([id]) ON DELETE CASCADE


----------------------------------------
----------------------------------------
Timestamp: 10/11/2021 3:57:06 PM

Message: Db Migration Complexity: Extending


----------------------------------------
----------------------------------------
Timestamp: 10/11/2021 3:57:06 PM

Message: Adding a foreign key constraint(s) to an existing table(s).


----------------------------------------
----------------------------------------
Timestamp: 10/11/2021 3:57:06 PM

Message: Adding a foreign key constraint(s) to a new table(s), the create table statement(s) is included as well.


----------------------------------------
----------------------------------------
Timestamp: 10/11/2021 3:57:06 PM

Message: Adding a new table(s).


----------------------------------------
----------------------------------------
Timestamp: 10/11/2021 3:57:06 PM

Message: -- Telerik.Sitefinity.Publishing.Model.Dynamic_59b4fffdc52340e0a0298d3e2615a11a
CREATE TABLE [dynmc_59b4fffdc5234000298d3261] (
    [id] uniqueidentifier NOT NULL,
    [username] NVARCHAR(255) NULL,          -- Dynamic_59b4fffdc52340e0a0298d3e2615a11a.Username
    [user_avatar] NVARCHAR(255) NULL,       -- Dynamic_59b4fffdc52340e0a0298d3e2615a11a.UserAvatar
    [title] NVARCHAR(255) NULL,             -- Dynamic_59b4fffdc52340e0a0298d3e2615a11a.Title
    [summary] NVARCHAR(MAX) NULL,           -- Dynamic_59b4fffdc52340e0a0298d3e2615a11a.Summary
    [publication_date] DATETIME NULL,       -- Dynamic_59b4fffdc52340e0a0298d3e2615a11a.PublicationDate
    [pipe_id] NVARCHAR(255) NULL,           -- Dynamic_59b4fffdc52340e0a0298d3e2615a11a.PipeId
    [owner_last_name] NVARCHAR(255) NULL,   -- Dynamic_59b4fffdc52340e0a0298d3e2615a11a.OwnerLastName
    [owner_first_name] NVARCHAR(255) NULL,  -- Dynamic_59b4fffdc52340e0a0298d3e2615a11a.OwnerFirstName
    [owner_email] NVARCHAR(255) NULL,       -- Dynamic_59b4fffdc52340e0a0298d3e2615a11a.OwnerEmail
    [lnk] NVARCHAR(255) NULL,               -- Dynamic_59b4fffdc52340e0a0298d3e2615a11a.Link
    [lang_id] NVARCHAR(255) NULL,           -- Dynamic_59b4fffdc52340e0a0298d3e2615a11a.LangId
    [item_hash] NVARCHAR(255) NULL,         -- Dynamic_59b4fffdc52340e0a0298d3e2615a11a.ItemHash
    [expiration_date] DATETIME NULL,        -- Dynamic_59b4fffdc52340e0a0298d3e2615a11a.ExpirationDate
    [content_type] NVARCHAR(255) NULL,      -- Dynamic_59b4fffdc52340e0a0298d3e2615a11a.ContentType
    [content] NVARCHAR(MAX) NULL,           -- Dynamic_59b4fffdc52340e0a0298d3e2615a11a.Content
    CONSTRAINT [pk_dynmc_59b4fffdc523_3997E1DB] PRIMARY KEY ([id])
)


----------------------------------------
----------------------------------------
Timestamp: 10/11/2021 3:57:06 PM

Message: ALTER TABLE [dynmc_59b4fffdc5234000298d3261] ADD CONSTRAINT [ref_dynmc_59b4fffdc52_CCED5CB0] FOREIGN KEY ([id]) REFERENCES [sf_dynamic_type_base]([id]) ON DELETE CASCADE


----------------------------------------
